mode: set
github.com/AdiF1/solidity/bookings/internal/handlers/handlers.go:27.62,32.2 1 1
github.com/AdiF1/solidity/bookings/internal/handlers/handlers.go:35.51,40.2 1 1
github.com/AdiF1/solidity/bookings/internal/handlers/handlers.go:43.33,45.2 1 1
github.com/AdiF1/solidity/bookings/internal/handlers/handlers.go:48.67,50.2 1 1
github.com/AdiF1/solidity/bookings/internal/handlers/handlers.go:53.68,56.2 1 1
github.com/AdiF1/solidity/bookings/internal/handlers/handlers.go:59.74,61.9 2 1
github.com/AdiF1/solidity/bookings/internal/handlers/handlers.go:67.2,68.16 2 1
github.com/AdiF1/solidity/bookings/internal/handlers/handlers.go:74.2,92.4 10 1
github.com/AdiF1/solidity/bookings/internal/handlers/handlers.go:61.9,65.3 3 1
github.com/AdiF1/solidity/bookings/internal/handlers/handlers.go:68.16,72.3 3 1
github.com/AdiF1/solidity/bookings/internal/handlers/handlers.go:96.78,98.16 2 1
github.com/AdiF1/solidity/bookings/internal/handlers/handlers.go:104.2,112.16 5 1
github.com/AdiF1/solidity/bookings/internal/handlers/handlers.go:118.2,119.16 2 1
github.com/AdiF1/solidity/bookings/internal/handlers/handlers.go:125.2,126.16 2 1
github.com/AdiF1/solidity/bookings/internal/handlers/handlers.go:132.2,148.19 6 1
github.com/AdiF1/solidity/bookings/internal/handlers/handlers.go:159.2,160.16 2 1
github.com/AdiF1/solidity/bookings/internal/handlers/handlers.go:166.2,175.16 3 1
github.com/AdiF1/solidity/bookings/internal/handlers/handlers.go:181.2,183.66 2 1
github.com/AdiF1/solidity/bookings/internal/handlers/handlers.go:98.16,102.3 3 1
github.com/AdiF1/solidity/bookings/internal/handlers/handlers.go:112.16,116.3 3 1
github.com/AdiF1/solidity/bookings/internal/handlers/handlers.go:119.16,123.3 3 1
github.com/AdiF1/solidity/bookings/internal/handlers/handlers.go:126.16,130.3 3 1
github.com/AdiF1/solidity/bookings/internal/handlers/handlers.go:148.19,157.3 5 1
github.com/AdiF1/solidity/bookings/internal/handlers/handlers.go:160.16,164.3 3 1
github.com/AdiF1/solidity/bookings/internal/handlers/handlers.go:175.16,179.3 3 1
github.com/AdiF1/solidity/bookings/internal/handlers/handlers.go:188.70,190.2 1 1
github.com/AdiF1/solidity/bookings/internal/handlers/handlers.go:193.72,195.2 1 1
github.com/AdiF1/solidity/bookings/internal/handlers/handlers.go:198.81,200.2 1 1
github.com/AdiF1/solidity/bookings/internal/handlers/handlers.go:203.85,205.16 2 1
github.com/AdiF1/solidity/bookings/internal/handlers/handlers.go:211.2,216.16 5 1
github.com/AdiF1/solidity/bookings/internal/handlers/handlers.go:221.2,222.16 2 1
github.com/AdiF1/solidity/bookings/internal/handlers/handlers.go:228.2,229.16 2 1
github.com/AdiF1/solidity/bookings/internal/handlers/handlers.go:235.2,235.21 1 1
github.com/AdiF1/solidity/bookings/internal/handlers/handlers.go:242.2,254.4 5 1
github.com/AdiF1/solidity/bookings/internal/handlers/handlers.go:205.16,209.3 3 1
github.com/AdiF1/solidity/bookings/internal/handlers/handlers.go:216.16,220.3 3 1
github.com/AdiF1/solidity/bookings/internal/handlers/handlers.go:222.16,226.3 3 1
github.com/AdiF1/solidity/bookings/internal/handlers/handlers.go:229.16,233.3 3 0
github.com/AdiF1/solidity/bookings/internal/handlers/handlers.go:235.21,240.3 3 1
github.com/AdiF1/solidity/bookings/internal/handlers/handlers.go:266.85,269.16 2 1
github.com/AdiF1/solidity/bookings/internal/handlers/handlers.go:282.2,292.16 8 1
github.com/AdiF1/solidity/bookings/internal/handlers/handlers.go:304.2,317.14 4 1
github.com/AdiF1/solidity/bookings/internal/handlers/handlers.go:269.16,280.3 5 1
github.com/AdiF1/solidity/bookings/internal/handlers/handlers.go:292.16,303.3 5 1
github.com/AdiF1/solidity/bookings/internal/handlers/handlers.go:322.70,324.2 1 1
github.com/AdiF1/solidity/bookings/internal/handlers/handlers.go:327.81,329.9 2 1
github.com/AdiF1/solidity/bookings/internal/handlers/handlers.go:335.2,349.4 9 1
github.com/AdiF1/solidity/bookings/internal/handlers/handlers.go:329.9,333.3 3 1
github.com/AdiF1/solidity/bookings/internal/handlers/handlers.go:353.73,367.16 3 1
github.com/AdiF1/solidity/bookings/internal/handlers/handlers.go:373.2,374.9 2 1
github.com/AdiF1/solidity/bookings/internal/handlers/handlers.go:380.2,384.63 3 1
github.com/AdiF1/solidity/bookings/internal/handlers/handlers.go:367.16,371.3 3 1
github.com/AdiF1/solidity/bookings/internal/handlers/handlers.go:374.9,378.3 3 1
github.com/AdiF1/solidity/bookings/internal/handlers/handlers.go:389.71,401.16 9 1
github.com/AdiF1/solidity/bookings/internal/handlers/handlers.go:407.2,414.63 6 1
github.com/AdiF1/solidity/bookings/internal/handlers/handlers.go:401.16,405.3 3 1
